local - - [24/Oct/1994:13:41:41 -0600] "GET index.html HTTP/1.0" 200 150
local - - [24/Oct/1994:13:41:41 -0600] "GET 1.gif HTTP/1.0" 200 1210
local - - [24/Oct/1994:13:43:13 -0600] "GET index.html HTTP/1.0" 200 3185
local - - [24/Oct/1994:13:43:14 -0600] "GET 2.gif HTTP/1.0" 200 2555
local - - [24/Oct/1994:13:43:15 -0600] "GET 3.gif HTTP/1.0" 200 36403
local - - [24/Oct/1994:13:43:17 -0600] "GET 4.gif HTTP/1.0" 200 441
local - - [24/Oct/1994:13:46:45 -0600] "GET index.html HTTP/1.0" 200 3185
local - - [24/Oct/1994:13:46:45 -0600] "GET 2.gif HTTP/1.0" 200 2555
local - - [24/Oct/1994:13:46:47 -0600] "GET 3.gif HTTP/1.0" 200 36403
local - - [24/Oct/1994:13:46:50 -0600] "GET 4.gif HTTP/1.0" 200 441
local - - [24/Oct/1994:13:47:19 -0600] "GET index.html HTTP/1.0" 200 150
local - - [24/Oct/1994:13:47:19 -0600] "GET 1.gif HTTP/1.0" 200 1210
local - - [24/Oct/1994:13:47:41 -0600] "GET index.html HTTP/1.0" 200 3185
local - - [24/Oct/1994:13:47:50 -0600] "GET 5.html HTTP/1.0" 200 2065
local - - [24/Oct/1994:13:48:11 -0600] "GET 6.html HTTP/1.0" 200 1124
local - - [24/Oct/1994:13:48:23 -0600] "GET 7.html HTTP/1.0" 200 1538
local - - [24/Oct/1994:13:48:51 -0600] "GET 8.html HTTP/1.0" 200 322
local - - [24/Oct/1994:13:49:01 -0600] "GET index.html HTTP/1.0" 302 -
local - - [24/Oct/1994:13:49:01 -0600] "GET index.html HTTP/1.0" 200 999
local - - [24/Oct/1994:13:49:14 -0600] "GET 9.html HTTP/1.0" 200 1248
local - - [24/Oct/1994:13:49:20 -0600] "GET index.html HTTP/1.0" 200 3185
local - - [24/Oct/1994:13:49:21 -0600] "GET 2.gif HTTP/1.0" 200 2555
local - - [24/Oct/1994:13:49:25 -0600] "GET 3.gif HTTP/1.0" 200 36403
local - - [24/Oct/1994:13:49:27 -0600] "GET 4.gif HTTP/1.0" 200 441
local - - [24/Oct/1994:13:49:39 -0600] "GET index.html HTTP/1.0" 200 150
local - - [24/Oct/1994:13:49:49 -0600] "GET 10.html HTTP/1.0" 200 2286
local - - [24/Oct/1994:13:50:33 -0600] "GET index.html HTTP/1.0" 200 150
local - - [24/Oct/1994:13:55:03 -0600] "GET 11.html HTTP/1.0" 200 1213
local - - [24/Oct/1994:13:55:04 -0600] "GET 11.html HTTP/1.0" 200 1213
local - - [24/Oct/1994:13:55:08 -0600] "GET 12.gif HTTP/1.0" 200 191
local - - [24/Oct/1994:13:55:21 -0600] "GET 13.gif HTTP/1.0" 200 33974
local - - [24/Oct/1994:13:59:48 -0600] "GET index.html HTTP/1.0" 200 3185
local - - [24/Oct/1994:13:59:55 -0600] "GET 14.html HTTP/1.0" 304 0
local - - [24/Oct/1994:14:00:06 -0600] "GET index.html HTTP/1.0" 200 3100
local - - [24/Oct/1994:14:00:20 -0600] "GET index.html HTTP/1.0" 302 -
local - - [24/Oct/1994:14:00:20 -0600] "GET index.html HTTP/1.0" 200 631
local - - [24/Oct/1994:14:00:25 -0600] "GET 15.html HTTP/1.0" 200 861
local - - [24/Oct/1994:14:00:49 -0600] "GET index.html HTTP/1.0" 200 631
local - - [24/Oct/1994:14:00:52 -0600] "GET 16.html HTTP/1.0" 200 1006
local - - [24/Oct/1994:14:01:02 -0600] "GET index.html HTTP/1.0" 200 150
local - - [24/Oct/1994:14:01:11 -0600] "GET 17.html HTTP/1.0" 200 881
local - - [24/Oct/1994:14:01:24 -0600] "GET 18.html HTTP/1.0" 200 709
local - - [24/Oct/1994:14:01:42 -0600] "GET 19.html HTTP/1.0" 200 1357
local - - [24/Oct/1994:14:02:01 -0600] "GET index.html HTTP/1.0" 200 391
remote - - [24/Oct/1994:14:03:32 -0600] "GET 20.html HTTP/1.0" 200 1530
remote - - [24/Oct/1994:14:03:36 -0600] "GET 21.gif HTTP/1.0" 200 59975
local - - [24/Oct/1994:14:03:39 -0600] "GET index.html HTTP/1.0" 200 410
remote - - [24/Oct/1994:14:03:49 -0600] "GET 22.html HTTP/1.0" 200 7151
local - - [24/Oct/1994:14:04:22 -0600] "GET index.html HTTP/1.0" 200 410
local - - [24/Oct/1994:14:05:17 -0600] "GET index.html HTTP/1.0" 200 419
remote - - [24/Oct/1994:14:05:31 -0600] "GET 23.html HTTP/1.0" 200 3787
remote - - [24/Oct/1994:14:06:07 -0600] "GET 24.html HTTP/1.0" 200 4326
local - - [24/Oct/1994:14:09:59 -0600] "GET 25.html HTTP/1.0" 200 1403
local - - [24/Oct/1994:14:10:00 -0600] "GET 26.gif HTTP/1.0" 200 26694
local - - [24/Oct/1994:14:10:01 -0600] "GET 27.gif HTTP/1.0" 200 871
local - - [24/Oct/1994:14:10:28 -0600] "GET 28.html HTTP/1.0" 200 329
local - - [24/Oct/1994:14:10:30 -0600] "GET 29.html HTTP/1.0" 200 673
local - - [24/Oct/1994:14:10:32 -0600] "GET 14.html HTTP/1.0" 200 2130
local - - [24/Oct/1994:14:10:32 -0600] "GET 30.gif HTTP/1.0" 200 15525
local - - [24/Oct/1994:14:10:33 -0600] "GET 31.gif HTTP/1.0" 200 191
local - - [24/Oct/1994:14:10:33 -0600] "GET 32.gif HTTP/1.0" 200 890
local - - [24/Oct/1994:14:10:36 -0600] "GET 33.html HTTP/1.0" 200 1680
local - - [24/Oct/1994:14:13:11 -0600] "GET index.html HTTP/1.0" 200 3185
local - - [24/Oct/1994:14:13:12 -0600] "GET 2.gif HTTP/1.0" 200 2555
local - - [24/Oct/1994:14:13:14 -0600] "GET 3.gif HTTP/1.0" 200 36403